0 info it worked if it ends with ok
1 verbose cli [ 'C:\\Program Files\\nodejs\\node.exe',
1 verbose cli   'C:\\Program Files\\nodejs\\node_modules\\npm\\bin\\npm-cli.js',
1 verbose cli   'start' ]
2 info using npm@3.9.5
3 info using node@v6.2.2
4 verbose run-script [ 'prestart', 'start', 'poststart' ]
5 info lifecycle homework6-1@1.0.0~prestart: homework6-1@1.0.0
6 silly lifecycle homework6-1@1.0.0~prestart: no script for prestart, continuing
7 info lifecycle homework6-1@1.0.0~start: homework6-1@1.0.0
8 verbose lifecycle homework6-1@1.0.0~start: unsafe-perm in lifecycle true
9 verbose lifecycle homework6-1@1.0.0~start: PATH: C:\Program Files\nodejs\node_modules\npm\bin\node-gyp-bin;C:\Users\jaydev\Desktop\homework\CS557\homework6-1\node_modules\.bin;C:\Program Files\nodejs;C:\Users\jaydev\bin;C:\Program Files\Git\mingw64\bin;C:\Program Files\Git\usr\local\bin;C:\Program Files\Git\usr\bin;C:\Program Files\Git\usr\bin;C:\Program Files\Git\mingw64\bin;C:\Program Files\Git\usr\bin;C:\Users\jaydev\bin;C:\Program Files (x86)\AMD APP\bin\x86_64;C:\Program Files (x86)\AMD APP\bin\x86;C:\ProgramData\Oracle\Java\javapath;C:\WINDOWS\system32;C:\WINDOWS;C:\WINDOWS\System32\Wbem;C:\WINDOWS\System32\WindowsPowerShell\v1.0;C:\Program Files (x86)\ATI Technologies\ATI.ACE\Core-Static;C:\Users\jaydev\.dnx\bin;C:\Program Files\Microsoft DNX\Dnvm;C:\Program Files (x86)\Heroku\bin;C:\Program Files (x86)\git\cmd;C:\Program Files\Git\cmd;C:\Program Files (x86)\Skype\Phone;C:\Program Files\nodejs;C:\Program Files\Java\jdk1.7.0_79\bin;C:\Users\jaydev\AppData\Roaming\npm;C:\Program Files\Git\usr\bin\vendor_perl;C:\Program Files\Git\usr\bin\core_perl
10 verbose lifecycle homework6-1@1.0.0~start: CWD: C:\Users\jaydev\Desktop\homework\CS557\homework6-1
11 silly lifecycle homework6-1@1.0.0~start: Args: [ '/d /s /c', 'node index.js' ]
12 silly lifecycle homework6-1@1.0.0~start: Returned: code: 1  signal: null
13 info lifecycle homework6-1@1.0.0~start: Failed to exec start script
14 verbose stack Error: homework6-1@1.0.0 start: `node index.js`
14 verbose stack Exit status 1
14 verbose stack     at EventEmitter.<anonymous> (C:\Program Files\nodejs\node_modules\npm\lib\utils\lifecycle.js:245:16)
14 verbose stack     at emitTwo (events.js:106:13)
14 verbose stack     at EventEmitter.emit (events.js:191:7)
14 verbose stack     at ChildProcess.<anonymous> (C:\Program Files\nodejs\node_modules\npm\lib\utils\spawn.js:24:14)
14 verbose stack     at emitTwo (events.js:106:13)
14 verbose stack     at ChildProcess.emit (events.js:191:7)
14 verbose stack     at maybeClose (internal/child_process.js:852:16)
14 verbose stack     at Process.ChildProcess._handle.onexit (internal/child_process.js:215:5)
15 verbose pkgid homework6-1@1.0.0
16 verbose cwd C:\Users\jaydev\Desktop\homework\CS557\homework6-1
17 error Windows_NT 10.0.10586
18 error argv "C:\\Program Files\\nodejs\\node.exe" "C:\\Program Files\\nodejs\\node_modules\\npm\\bin\\npm-cli.js" "start"
19 error node v6.2.2
20 error npm  v3.9.5
21 error code ELIFECYCLE
22 error homework6-1@1.0.0 start: `node index.js`
22 error Exit status 1
23 error Failed at the homework6-1@1.0.0 start script 'node index.js'.
23 error Make sure you have the latest version of node.js and npm installed.
23 error If you do, this is most likely a problem with the homework6-1 package,
23 error not with npm itself.
23 error Tell the author that this fails on your system:
23 error     node index.js
23 error You can get information on how to open an issue for this project with:
23 error     npm bugs homework6-1
23 error Or if that isn't available, you can get their info via:
23 error     npm owner ls homework6-1
23 error There is likely additional logging output above.
24 verbose exit [ 1, true ]
